<?xml version="1.0" encoding="UTF-8"?>
<testsuite name="com.thoughtworks.rectangle.RectangleTest" tests="1" skipped="0" failures="0" errors="0" timestamp="2023-03-08T04:56:26" hostname="gurushifu-gurushifugitp-3z2vz0zoccc" time="0.019">
  <properties/>
  <testcase name="shouldCalculateAreaOfRectangle()" classname="com.thoughtworks.rectangle.RectangleTest" time="0.019"/>
  <system-out><![CDATA[]]></system-out>
  <system-err><![CDATA[]]></system-err>
</testsuite>
